60000 60000 1
Count:  0
Hidden:
[[  1.00000000e+00   1.00000000e+00   0.00000000e+00   0.00000000e+00
    0.00000000e+00   1.00000000e+00   1.00000000e+00   1.00000000e+00
    1.00000000e+00   0.00000000e+00   1.54410774e-25]]
Output
[[ 0.87887786  0.09124401  0.73768713  0.73056728  0.60339623  0.16892136
   0.95532182  0.41654587  0.19718253  0.74774702]]
---------------------------
Count:  1
Hidden:
[[  1.00000000e+00   1.00000000e+00   0.00000000e+00   0.00000000e+00
    0.00000000e+00   1.00000000e+00   1.00000000e+00   1.00000000e+00
    1.00000000e+00   0.00000000e+00   6.58879018e-49]]
Output
[[ 0.87827902  0.09120638  0.73602644  0.72886553  0.60132104  0.1699064
   0.95521728  0.4150704   0.19688622  0.74614747]]
---------------------------
Count:  2
Hidden:
[[  1.00000000e+000   1.00000000e+000   0.00000000e+000   0.00000000e+000
    2.36782377e-262   1.00000000e+000   0.00000000e+000   1.13506260e-295
    2.67357953e-048   7.42839854e-153   1.00000000e+000]]
Output
[[ 0.75033808  0.2325123   0.50580908  0.54653991  0.84931812  0.32633908
   0.89626286  0.26983143  0.35020345  0.55095717]]
---------------------------
Count:  3
Hidden:
[[  1.00000000e+000   1.00000000e+000   1.00000000e+000   0.00000000e+000
    0.00000000e+000   1.00000000e+000   6.36386860e-159   1.00000000e+000
    1.00000000e+000   1.00000000e+000   6.99698308e-048]]
Output
[[ 0.70216321  0.05011437  0.2800981   0.68418552  0.45941903  0.32422843
   0.98978642  0.12207805  0.27154375  0.82135581]]
---------------------------
Count:  4
Hidden:
[[  1.00000000e+000   3.94994562e-247   5.90481839e-104   0.00000000e+000
    0.00000000e+000   1.00000000e+000   0.00000000e+000   1.00000000e+000
    1.00000000e+000   0.00000000e+000   6.94166700e-053]]
Output
[[ 0.6893888   0.12743533  0.4191177   0.76145442  0.40027308  0.434737
   0.90893535  0.20064279  0.23301663  0.65918832]]
---------------------------
Count:  5
Hidden:
[[  1.00000000e+000   1.00000000e+000   1.00000000e+000   0.00000000e+000
    0.00000000e+000   9.99224318e-001   0.00000000e+000   1.00000000e+000
    1.00000000e+000   5.83309093e-279   1.00000000e+000]]
Output
[[ 0.77277244  0.02325468  0.32930615  0.613861    0.73602385  0.42644675
   0.98373663  0.11555954  0.14026167  0.69756901]]
---------------------------
Count:  6
Hidden:
[[  1.00000000e+000   1.00000000e+000   0.00000000e+000   1.19455482e-266
    0.00000000e+000   1.00000000e+000   1.00000000e+000   1.00000000e+000
    1.00000000e+000   1.00000000e+000   2.41979029e-156]]
Output
[[ 0.74822414  0.09961154  0.50710212  0.68938843  0.51110282  0.08426268
   0.97583262  0.3606195   0.24879143  0.83281813]]
---------------------------
Count:  7
Hidden:
[[  1.00000000e+000   1.00000000e+000   0.00000000e+000   0.00000000e+000
    0.00000000e+000   1.00000000e+000   2.46178287e-165   1.00000000e+000
    1.00000000e+000   0.00000000e+000   1.00000000e+000]]
Output
[[ 0.71636228  0.05401954  0.3444083   0.58209772  0.74729072  0.24441446
   0.96589723  0.22365717  0.13549096  0.54864815]]
---------------------------
Count:  8
Hidden:
[[  1.00000000e+000   1.00000000e+000   0.00000000e+000   4.22558369e-306
    0.00000000e+000   6.70372737e-085   1.79686801e-179   1.00000000e+000
    9.99991069e-001   1.00000000e+000   1.00000000e+000]]
Output
[[ 0.33184297  0.03005113  0.12348967  0.33082238  0.47664008  0.11796928
   0.97224571  0.33651837  0.22603891  0.45626681]]
---------------------------
Count:  9
Hidden:
[[  1.00000000e+000   1.00000000e+000   1.00000000e+000   0.00000000e+000
    0.00000000e+000   1.00000000e+000   0.00000000e+000   2.17140238e-155
    1.00000000e+000   1.00000000e+000   1.00000000e+000]]
Output
[[ 0.42249837  0.06507099  0.15887463  0.5167098   0.6276709   0.20617136
   0.9849959   0.11171669  0.33704479  0.85333609]]
---------------------------
Count:  10
Hidden:
[[  1.00000000e+000   1.00000000e+000   0.00000000e+000   0.00000000e+000
    0.00000000e+000   2.66305415e-087   1.00000000e+000   1.00000000e+000
    1.00000000e+000   5.69870989e-222   7.32837861e-073]]
Output
[[ 0.75564333  0.04733509  0.65140259  0.49947113  0.37354953  0.15266791
   0.93037507  0.59652885  0.24416831  0.5157723 ]]
---------------------------
Count:  11
Hidden:
[[ 1.          1.          1.          0.99371822  0.          1.          0.
   1.          1.          1.          1.        ]]
Output
[[ 0.51683973  0.00998059  0.12925825  0.48823035  0.48973172  0.28890113
   0.97754494  0.1304074   0.17589752  0.58518799]]
---------------------------
Count:  12
Hidden:
[[  1.00000000e+000   1.00000000e+000   0.00000000e+000   0.00000000e+000
    0.00000000e+000   1.00000000e+000   1.00000000e+000   1.00000000e+000
    9.47919186e-001   3.74949654e-082   9.37609275e-121]]
Output
[[ 0.87036571  0.09518458  0.72901545  0.71054128  0.58614254  0.17050117
   0.95220133  0.40176515  0.19370987  0.7197034 ]]
---------------------------
Count:  13
Hidden:
[[  1.00000000e+000   1.00000000e+000   3.31218932e-277   4.76533048e-196
    9.68823138e-213   1.00000000e+000   0.00000000e+000   2.43436165e-224
    1.00000000e+000   0.00000000e+000   1.00000000e+000]]
Output
[[ 0.5575274   0.13080865  0.34108059  0.52132719  0.71313016  0.20128776
   0.9408055   0.2525946   0.26086856  0.62987038]]
---------------------------
Count:  14
Hidden:
[[  1.00000000e+000   1.00000000e+000   2.76022279e-303   1.62063721e-068
    0.00000000e+000   1.00000000e+000   1.43011170e-268   1.00000000e+000
    1.00000000e+000   1.00000000e+000   1.00000000e+000]]
Output
[[ 0.49607847  0.05963078  0.16080074  0.54088193  0.66577319  0.12860543
   0.98161836  0.18336576  0.17279303  0.66101874]]
---------------------------
Count:  15
Hidden:
[[  1.00000000e+000   1.00000000e+000   0.00000000e+000   0.00000000e+000
    2.38095486e-209   1.00000000e+000   3.53494835e-305   3.26884420e-148
    1.00000000e+000   1.00000000e+000   8.40356328e-307]]
Output
[[ 0.45510384  0.25122382  0.28424735  0.58623872  0.42108751  0.13854333
   0.96185848  0.26159527  0.44236008  0.76536251]]
---------------------------
Count:  16
Hidden:
[[  1.00000000e+000   1.00000000e+000   0.00000000e+000   0.00000000e+000
    0.00000000e+000   9.74641195e-267   0.00000000e+000   1.00000000e+000
    1.00000000e+000   1.00000000e+000   1.00000000e+000]]
Output
[[ 0.31194012  0.03022408  0.118875    0.31984358  0.457304    0.11799251
   0.97168495  0.3287897   0.22020655  0.43098078]]
---------------------------
Count:  17
Hidden:
[[  1.00000000e+000   1.00000000e+000   1.00000000e+000   0.00000000e+000
    0.00000000e+000   1.00000000e+000   0.00000000e+000   1.00000000e+000
    1.00000000e+000   4.19036680e-178   1.00000000e+000]]
Output
[[ 0.74425473  0.02350963  0.31855123  0.59060325  0.70847197  0.42091745
   0.98318764  0.11031911  0.13408368  0.66242689]]
---------------------------
Count:  18
Hidden:
[[  1.00000000e+000   1.00000000e+000   3.80980623e-148   2.10076364e-223
    9.47242462e-001   1.00000000e+000   1.00000000e+000   1.00000000e+000
    1.00000000e+000   0.00000000e+000   1.00000000e+000]]
Output
[[ 0.59730455  0.02529041  0.56244364  0.77888979  0.87858937  0.0718918
   0.95485279  0.38231657  0.11879344  0.7492023 ]]
---------------------------
Count:  19
Hidden:
[[  1.00000000e+00   1.00000000e+00   1.00000000e+00   0.00000000e+00
    0.00000000e+00   1.00000000e+00   0.00000000e+00   1.00000000e+00
    1.00000000e+00   8.01026475e-20   1.50426241e-63]]
Output
[[ 0.81966228  0.04619306  0.48489047  0.6823742   0.49723607  0.50089393
   0.97969346  0.13859607  0.20470097  0.68232974]]
---------------------------
Count:  20
Hidden:
[[  1.00000000e+000   1.00000000e+000   0.00000000e+000   0.00000000e+000
    0.00000000e+000   1.00000000e+000   0.00000000e+000   0.00000000e+000
    1.00000000e+000   3.79420284e-235   0.00000000e+000]]
Output
[[ 0.65284823  0.23236167  0.50506905  0.60900792  0.49066404  0.25683757
   0.92863735  0.30331832  0.36482711  0.64024878]]
---------------------------
Count:  21
Hidden:
[[  1.00000000e+000   1.00000000e+000   5.90602363e-113   0.00000000e+000
    0.00000000e+000   1.00000000e+000   1.00000000e+000   1.00000000e+000
    1.00000000e+000   0.00000000e+000   1.00000000e+000]]
Output
[[ 0.78259749  0.04786815  0.54439429  0.59470785  0.74643455  0.12190973
   0.96060281  0.33134675  0.12225014  0.67575551]]
---------------------------
Count:  22
Hidden:
[[  1.00000000e+00   1.00000000e+00   1.00000000e+00   0.00000000e+00
    0.00000000e+00   1.00000000e+00   0.00000000e+00   1.00000000e+00
    1.00000000e+00   1.00000000e+00   6.82324443e-13]]
Output
[[ 0.65033378  0.05067836  0.25734306  0.63989009  0.40941631  0.310652
   0.98923638  0.11415747  0.25849844  0.78561517]]
---------------------------
Count:  23
Hidden:
[[  1.00000000e+000   1.00000000e+000   1.00000000e+000   2.44663110e-284
    0.00000000e+000   1.00000000e+000   8.40522786e-234   1.00000000e+000
    1.00000000e+000   1.00000000e+000   2.38848329e-097]]
Output
[[ 0.64744526  0.05064633  0.25552738  0.63589307  0.40678937  0.30923216
   0.98921     0.11378091  0.25757421  0.78510152]]
---------------------------
Count:  24
Hidden:
[[ 1.  1.  1.  0.  0.  1.  1.  1.  1.  0.  0.]]
Output
[[ 0.87941476  0.04068291  0.68875481  0.70142693  0.52216643  0.30092387
   0.97698444  0.22334797  0.18999769  0.80887216]]
---------------------------
Count:  25
Hidden:
[[  1.00000000e+00   1.00000000e+00   0.00000000e+00   0.00000000e+00
    0.00000000e+00   1.00000000e+00   2.36317865e-23   1.00000000e+00
    1.00000000e+00   0.00000000e+00   1.00000000e+00]]
Output
[[ 0.67145864  0.05439923  0.31628426  0.53897542  0.70979063  0.23468304
   0.96438666  0.21073988  0.1288786   0.49538474]]
---------------------------
Count:  26
Hidden:
[[  1.00000000e+000   2.39883754e-092   1.00000000e+000   1.25575292e-097
    0.00000000e+000   7.35996566e-114   0.00000000e+000   1.00000000e+000
    1.00000000e+000   1.30256881e-237   1.00000000e+000]]
Output
[[ 0.41382344  0.01484424  0.17660679  0.44406314  0.34941827  0.51613156
   0.94064338  0.15023136  0.19801571  0.51797365]]
---------------------------
Count:  27
Hidden:
[[ 1.  1.  0.  0.  0.  1.  1.  1.  1.  0.  1.]]
Output
[[ 0.77166834  0.04812847  0.53398889  0.57211404  0.73478521  0.1181124
   0.95993304  0.32583338  0.12003735  0.66087144]]
---------------------------
Count:  28
Hidden:
[[  1.00000000e+000   1.00000000e+000   0.00000000e+000   1.00000000e+000
    0.00000000e+000   1.42781087e-207   2.09167471e-184   1.00000000e+000
    1.00000000e+000   1.00000000e+000   1.00000000e+000]]
Output
[[ 0.24198817  0.01164332  0.09280935  0.22796177  0.27587647  0.13533424
   0.92662026  0.40739392  0.21190724  0.19958861]]
---------------------------
Count:  29
Hidden:
[[  1.00000000e+000   1.00000000e+000   1.00000000e+000   3.44976595e-220
    6.22583289e-278   1.00000000e+000   0.00000000e+000   6.06424161e-266
    1.00000000e+000   1.00000000e+000   6.05916838e-009]]
Output
[[ 0.48434663  0.12345179  0.25676651  0.57220262  0.37205567  0.2545226
   0.98104608  0.13332306  0.44037469  0.84106158]]
---------------------------
Count:  30
Hidden:
[[  1.00000000e+000   1.00000000e+000   0.00000000e+000   1.00000000e+000
    0.00000000e+000   8.59904724e-057   0.00000000e+000   1.00000000e+000
    1.00000000e+000   4.50323343e-270   1.00000000e+000]]
Output
[[ 0.42792294  0.01053169  0.21205671  0.25447515  0.34495155  0.25400998
   0.86699305  0.45625     0.16372169  0.12366213]]
---------------------------
Count:  31
Hidden:
[[  1.00000000e+000   1.00000000e+000   1.93673565e-227   0.00000000e+000
    0.00000000e+000   1.00000000e+000   0.00000000e+000   1.00000000e+000
    1.00000000e+000   1.00000000e+000   1.00000000e+000]]
Output
[[ 0.4443978   0.05991226  0.1486556   0.49213023  0.6244193   0.11967002
   0.98062347  0.17444039  0.16471275  0.61556634]]
---------------------------
Count:  32
Hidden:
[[  1.00000000e+000   1.00000000e+000   3.35965931e-247   1.00000000e+000
    4.54374292e-223   1.00000000e+000   6.18723470e-073   3.87043604e-173
    1.00000000e+000   1.00000000e+000   1.00000000e+000]]
Output
[[ 0.25829879  0.05906795  0.12693426  0.36209657  0.42976549  0.11740065
   0.91639766  0.27403121  0.30968093  0.47647784]]
---------------------------
Count:  33
Hidden:
[[  1.00000000e+000   1.00000000e+000   5.17776339e-034   0.00000000e+000
    0.00000000e+000   1.11684877e-069   0.00000000e+000   1.00000000e+000
    1.00000000e+000   1.00000000e+000   1.09287041e-278]]
Output
[[ 0.38415806  0.05912074  0.2054525   0.38454412  0.23546596  0.14880512
   0.96455265  0.37772946  0.31076679  0.4259086 ]]
---------------------------
Count:  34
Hidden:
[[ 1.  1.  0.  0.  0.  1.  0.  1.  1.  0.  1.]]
Output
[[ 0.65015601  0.05442218  0.31305051  0.52617708  0.69335098  0.22833221
   0.96318986  0.20412242  0.12676526  0.4741111 ]]
---------------------------
Count:  35
Hidden:
[[  1.00000000e+000   1.00000000e+000   1.00000000e+000   1.50241536e-260
    0.00000000e+000   1.00000000e+000   1.95363168e-281   1.00000000e+000
    1.00000000e+000   1.00000000e+000   9.99992620e-001]]
Output
[[ 0.49750399  0.02599784  0.13788542  0.50172373  0.5891189   0.23130437
   0.99062671  0.08494437  0.16808893  0.73848007]]
---------------------------
Count:  36
Hidden:
[[  1.00000000e+000   1.00000000e+000   0.00000000e+000   0.00000000e+000
    0.00000000e+000   1.00000000e+000   0.00000000e+000   6.48878856e-103
    1.00000000e+000   0.00000000e+000   6.54821310e-096]]
Output
[[ 0.62697875  0.23243949  0.49032833  0.58139501  0.46455225  0.24856104
   0.92619163  0.29381363  0.35653926  0.61498188]]
---------------------------
Count:  37
Hidden:
[[  1.00000000e+000   1.00000000e+000   0.00000000e+000   1.28217876e-266
    0.00000000e+000   1.00000000e+000   0.00000000e+000   1.00000000e+000
    1.00000000e+000   0.00000000e+000   1.00000000e+000]]
Output
[[ 0.64662387  0.05430544  0.30973234  0.51696036  0.6848972   0.22915667
   0.96296947  0.20221932  0.12571003  0.46633026]]
---------------------------
Count:  38
Hidden:
[[  1.00000000e+000   0.00000000e+000   0.00000000e+000   2.63462416e-030
    0.00000000e+000   1.20305191e-253   1.49113752e-152   1.00000000e+000
    1.00000000e+000   1.38780309e-206   0.00000000e+000]]
Output
[[ 0.45696009  0.06729553  0.31598127  0.5205735   0.1908997   0.39493058
   0.85828677  0.33401809  0.28040287  0.3864053 ]]
---------------------------
Count:  39
Hidden:
[[  1.00000000e+000   1.00000000e+000   0.00000000e+000   1.00000000e+000
    0.00000000e+000   1.00000000e+000   3.11145184e-213   3.15124152e-006
    1.00000000e+000   3.55009247e-064   1.00000000e+000]]
Output
[[ 0.44654192  0.05347873  0.27073532  0.38342458  0.49614972  0.22495576
   0.84938882  0.3124915   0.24430695  0.330766  ]]
---------------------------
Count:  40
Hidden:
[[  1.00000000e+00   1.00000000e+00   9.17340040e-96   0.00000000e+00
    0.00000000e+00   1.00000000e+00   0.00000000e+00   1.00000000e+00
    1.00000000e+00   1.00000000e+00   1.00000000e+00]]
Output
[[ 0.42926627  0.05959461  0.14335595  0.46710416  0.59738356  0.11865387
   0.98015744  0.16964617  0.16193717  0.59390933]]
---------------------------
Count:  41
Hidden:
[[  1.00000000e+00   1.00000000e+00   2.25964429e-09   0.00000000e+00
    0.00000000e+00   1.00000000e+00   1.00000000e+00   1.00000000e+00
    1.00000000e+00   0.00000000e+00   1.00000000e+00]]
Output
[[ 0.75201683  0.04799659  0.51902325  0.54604214  0.70394662  0.11504788
   0.95818206  0.31424803  0.11617699  0.62917806]]
---------------------------
Count:  42
Hidden:
[[  1.00000000e+000   0.00000000e+000   6.27669372e-089   5.21101910e-040
    0.00000000e+000   1.00000000e+000   1.00000000e+000   1.00000000e+000
    5.24046836e-059   2.04938354e-227   6.44666909e-033]]
Output
[[ 0.86771491  0.20722196  0.74997858  0.7619747   0.56615264  0.37389941
   0.81570423  0.30784888  0.28213964  0.67558775]]
---------------------------
Count:  43
Hidden:
[[  1.00000000e+000   0.00000000e+000   1.00000000e+000   0.00000000e+000
    0.00000000e+000   8.95962250e-001   4.16281849e-280   1.00000000e+000
    1.00000000e+000   4.08462578e-039   5.24245833e-155]]
Output
[[ 0.66326309  0.05424393  0.35694987  0.70597601  0.2940184   0.60917817
   0.94891448  0.10010192  0.22966062  0.70642356]]
---------------------------
Count:  44
Hidden:
[[  1.00000000e+000   1.00000000e+000   0.00000000e+000   1.02723509e-025
    0.00000000e+000   2.70475660e-295   1.00000000e+000   1.00000000e+000
    1.00000000e+000   0.00000000e+000   0.00000000e+000]]
Output
[[ 0.70387132  0.04739364  0.61349024  0.43965734  0.31191212  0.14263134
   0.924807    0.57256686  0.23169301  0.44710336]]
---------------------------
Count:  45
Hidden:
[[  1.00000000e+000   0.00000000e+000   1.25486616e-153   0.00000000e+000
    0.00000000e+000   0.00000000e+000   0.00000000e+000   1.00000000e+000
    1.00000000e+000   0.00000000e+000   1.23362631e-093]]
Output
[[ 0.44714496  0.06733827  0.30929696  0.51061038  0.18475783  0.39027546
   0.85604889  0.33391661  0.27879936  0.37767504]]
---------------------------
Count:  46
Hidden:
[[  1.00000000e+000   1.00000000e+000   1.22128378e-112   3.64971554e-174
    0.00000000e+000   7.33518392e-246   1.00000000e+000   1.00000000e+000
    1.00000000e+000   0.00000000e+000   0.00000000e+000]]
Output
[[ 0.6995344   0.04736783  0.60926536  0.43956813  0.30955157  0.14157869
   0.9240455   0.56962054  0.23068106  0.44552671]]
---------------------------
Count:  47
Hidden:
[[ 1.  1.  1.  0.  0.  1.  0.  1.  1.  1.  1.]]
Output
[[ 0.46970989  0.02599192  0.12779543  0.46925272  0.55566625  0.22647965
   0.99021627  0.08222388  0.16503609  0.71587231]]
---------------------------
Count:  48
Hidden:
[[  1.00000000e+000   1.00000000e+000   0.00000000e+000   1.00000000e+000
    1.21940705e-081   0.00000000e+000   1.00000000e+000   1.00000000e+000
    2.07378934e-269   3.48796926e-139   2.52117581e-237]]
Output
[[ 0.80897941  0.03648843  0.70977435  0.38217879  0.33429171  0.28225555
   0.71134576  0.6723686   0.30732366  0.17110192]]
---------------------------
Count:  49
Hidden:
[[  1.00000000e+000   1.00000000e+000   0.00000000e+000   0.00000000e+000
    0.00000000e+000   3.93719035e-250   1.00000000e+000   1.00000000e+000
    1.00000000e+000   5.28361905e-217   1.26577815e-152]]
Output
[[ 0.69258203  0.04734444  0.60312144  0.43404893  0.30514531  0.14160228
   0.9228353   0.5638936   0.23162712  0.44232612]]
---------------------------
